TN:
SF:lib\data\country\repository\country_repo_impl.dart
FNF:0
FNH:0
DA:6,1
DA:8,1
DA:13,2
DA:15,1
LF:4
LH:4
end_of_record
TN:
SF:lib\data\weather\reposistory\weather_repo_impl.dart
FNF:0
FNH:0
DA:7,1
DA:12,1
DA:19,2
DA:25,1
DA:29,1
DA:35,2
DA:40,1
LF:7
LH:7
end_of_record
TN:
SF:lib\domain\country\use_cases\get_country_name_use_case.dart
FNF:0
FNH:0
DA:6,1
DA:8,1
DA:9,2
LF:3
LH:3
end_of_record
TN:
SF:lib\domain\weather\use_cases\weather_use_cases.dart
FNF:0
FNH:0
DA:6,1
DA:8,1
DA:10,2
DA:13,1
DA:17,2
LF:5
LH:5
end_of_record
TN:
SF:lib\presentation\account_management\account\bloc\account_bloc.dart
FNF:0
FNH:0
DA:13,1
DA:16,2
DA:22,1
DA:24,1
DA:25,1
DA:26,3
DA:28,1
DA:29,1
DA:32,1
DA:33,1
DA:39,1
DA:42,1
DA:44,2
DA:45,1
DA:47,3
DA:49,1
DA:51,1
DA:52,1
DA:53,1
DA:58,1
DA:61,1
DA:63,2
DA:64,2
DA:67,4
DA:69,2
DA:70,1
DA:71,1
DA:72,1
LF:28
LH:28
end_of_record
TN:
SF:lib\presentation\account_management\account_list\bloc\account_list_bloc.dart
FNF:0
FNH:0
DA:10,3
DA:14,1
DA:16,1
DA:17,0
DA:18,1
DA:19,0
DA:22,1
DA:23,1
DA:29,0
DA:31,0
DA:32,0
DA:33,0
DA:34,0
DA:38,0
DA:39,0
DA:44,0
DA:47,0
DA:48,0
DA:51,0
DA:52,0
DA:57,1
DA:60,1
DA:62,2
DA:63,1
DA:66,1
DA:67,1
LF:26
LH:12
end_of_record
TN:
SF:lib\presentation\account_management\account_update\bloc\account_update_bloc.dart
FNF:0
FNH:0
DA:11,3
DA:15,1
DA:17,1
DA:18,1
DA:24,1
DA:27,1
DA:28,1
DA:29,1
DA:30,1
DA:31,1
DA:32,1
DA:34,2
DA:35,1
DA:38,1
DA:40,1
DA:41,1
LF:16
LH:16
end_of_record
TN:
SF:lib\presentation\detail\bloc\detail_bloc.dart
FNF:0
FNH:0
DA:18,1
DA:22,2
DA:28,1
DA:30,1
DA:31,1
DA:34,1
DA:35,1
DA:41,1
DA:44,1
DA:46,2
DA:47,1
DA:48,1
DA:51,1
DA:53,2
DA:54,3
DA:59,1
DA:64,1
DA:65,1
DA:70,1
DA:74,1
DA:75,2
DA:76,1
DA:77,1
DA:80,2
DA:81,3
DA:84,1
DA:85,1
LF:27
LH:27
end_of_record
TN:
SF:lib\presentation\favorites_list\bloc\favorites_list_bloc.dart
FNF:0
FNH:0
DA:15,1
DA:18,1
DA:19,1
DA:25,1
DA:27,1
DA:28,1
DA:29,1
DA:30,1
DA:34,1
DA:36,3
DA:38,1
DA:41,1
DA:44,2
DA:45,1
DA:46,1
DA:49,3
DA:50,1
DA:53,1
DA:54,1
DA:55,1
LF:20
LH:20
end_of_record
TN:
SF:lib\presentation\login_and_signup\forgot_password\bloc\forgot_password_bloc.dart
FNF:0
FNH:0
DA:14,1
DA:15,2
DA:19,1
DA:22,1
DA:23,1
DA:29,1
DA:32,1
DA:34,2
DA:35,1
DA:38,1
DA:39,1
DA:40,2
DA:41,1
DA:44,2
DA:45,1
LF:15
LH:15
end_of_record
TN:
SF:lib\presentation\login_and_signup\index\bloc\index_bloc.dart
FNF:0
FNH:0
DA:11,3
DA:15,1
DA:17,1
DA:18,1
DA:24,1
DA:28,1
DA:29,2
DA:30,1
DA:32,1
DA:33,1
LF:10
LH:10
end_of_record
TN:
SF:lib\presentation\login_and_signup\login_with_email\login_bloc\login_bloc.dart
FNF:0
FNH:0
DA:18,1
DA:23,1
DA:24,1
DA:32,1
DA:36,1
DA:37,1
DA:41,1
DA:43,1
DA:45,2
DA:46,1
DA:47,1
DA:50,2
DA:51,1
DA:54,1
DA:55,1
DA:56,1
DA:58,1
DA:61,1
DA:65,1
DA:66,2
DA:67,1
DA:70,2
DA:71,1
DA:74,2
DA:75,1
LF:25
LH:25
end_of_record
TN:
SF:lib\presentation\login_and_signup\signup_with_email\signup_bloc\signup_bloc.dart
FNF:0
FNH:0
DA:16,1
DA:17,1
DA:18,1
DA:23,1
DA:27,1
DA:28,1
DA:32,1
DA:34,1
DA:36,2
DA:37,1
DA:38,1
DA:39,1
DA:42,1
DA:43,1
DA:44,2
DA:45,1
DA:48,2
DA:49,1
LF:18
LH:18
end_of_record
TN:
SF:lib\presentation\main\home\bloc\home_bloc.dart
FNF:0
FNH:0
DA:16,3
DA:25,1
DA:26,1
DA:29,1
DA:31,1
DA:33,1
DA:35,1
DA:36,0
DA:38,0
DA:39,0
DA:40,0
DA:43,2
DA:44,1
DA:45,1
DA:46,1
DA:49,1
DA:51,2
DA:53,1
DA:54,1
DA:58,1
DA:61,1
DA:63,1
DA:64,0
DA:67,0
DA:68,0
DA:71,2
DA:72,1
DA:73,1
DA:74,2
DA:77,1
DA:81,1
DA:82,1
LF:32
LH:25
end_of_record
TN:
SF:lib\presentation\main\search\bloc\search_bloc.dart
FNF:0
FNH:0
DA:17,1
DA:20,1
DA:21,1
DA:28,1
DA:30,1
DA:31,1
DA:34,0
DA:35,0
DA:38,0
DA:39,0
DA:45,1
DA:48,2
DA:49,1
DA:52,1
DA:56,1
DA:62,0
DA:64,0
DA:65,0
DA:67,0
DA:69,0
DA:73,0
DA:75,0
DA:76,0
DA:77,0
LF:24
LH:11
end_of_record
